[2025-10-06 00:42:45] laravel.EMERGENCY: Unable to create configured logger. Using emergency logger. {"exception":"[object] (InvalidArgumentException(code: 0): Log [] is not defined. at /home/runner/work/afarrhb_inventory/afarrhb_inventory/vendor/laravel/framework/src/Illuminate/Log/LogManager.php:212)
[stacktrace]
#0 /home/runner/work/afarrhb_inventory/afarrhb_inventory/vendor/laravel/framework/src/Illuminate/Log/LogManager.php(137): Illuminate\\Log\\LogManager->resolve()
#1 /home/runner/work/afarrhb_inventory/afarrhb_inventory/vendor/laravel/framework/src/Illuminate/Log/LogManager.php(124): Illuminate\\Log\\LogManager->get()
#2 /home/runner/work/afarrhb_inventory/afarrhb_inventory/vendor/laravel/framework/src/Illuminate/Log/LogManager.php(681): Illuminate\\Log\\LogManager->driver()
#3 /home/runner/work/afarrhb_inventory/afarrhb_inventory/vendor/laravel/framework/src/Illuminate/Foundation/Exceptions/Handler.php(317): Illuminate\\Log\\LogManager->error()
#4 /home/runner/work/afarrhb_inventory/afarrhb_inventory/vendor/laravel/framework/src/Illuminate/Foundation/Exceptions/Handler.php(278): Illuminate\\Foundation\\Exceptions\\Handler->reportThrowable()
#5 /home/runner/work/afarrhb_inventory/afarrhb_inventory/vendor/nunomaduro/collision/src/Adapters/Laravel/ExceptionHandler.php(46): Illuminate\\Foundation\\Exceptions\\Handler->report()
#6 /home/runner/work/afarrhb_inventory/afarrhb_inventory/vendor/laravel/framework/src/Illuminate/Foundation/Console/Kernel.php(523): NunoMaduro\\Collision\\Adapters\\Laravel\\ExceptionHandler->report()
#7 /home/runner/work/afarrhb_inventory/afarrhb_inventory/vendor/laravel/framework/src/Illuminate/Foundation/Console/Kernel.php(203): Illuminate\\Foundation\\Console\\Kernel->reportException()
#8 /home/runner/work/afarrhb_inventory/afarrhb_inventory/artisan(24): Illuminate\\Foundation\\Console\\Kernel->handle()
#9 {main}
"} 
[2025-10-06 00:42:45] laravel.ERROR: Please provide a valid cache path. {"exception":"[object] (InvalidArgumentException(code: 0): Please provide a valid cache path. at /home/runner/work/afarrhb_inventory/afarrhb_inventory/vendor/laravel/framework/src/Illuminate/View/Compilers/Compiler.php:67)
[stacktrace]
#0 /home/runner/work/afarrhb_inventory/afarrhb_inventory/vendor/laravel/framework/src/Illuminate/View/ViewServiceProvider.php(97): Illuminate\\View\\Compilers\\Compiler->__construct()
#1 /home/runner/work/afarrhb_inventory/afarrhb_inventory/vendor/laravel/framework/src/Illuminate/Container/Container.php(908): Illuminate\\View\\ViewServiceProvider->Illuminate\\View\\{closure}()
#2 /home/runner/work/afarrhb_inventory/afarrhb_inventory/vendor/laravel/framework/src/Illuminate/Container/Container.php(795): Illuminate\\Container\\Container->build()
#3 /home/runner/work/afarrhb_inventory/afarrhb_inventory/vendor/laravel/framework/src/Illuminate/Foundation/Application.php(986): Illuminate\\Container\\Container->resolve()
#4 /home/runner/work/afarrhb_inventory/afarrhb_inventory/vendor/laravel/framework/src/Illuminate/Container/Container.php(731): Illuminate\\Foundation\\Application->resolve()
#5 /home/runner/work/afarrhb_inventory/afarrhb_inventory/vendor/laravel/framework/src/Illuminate/Foundation/Application.php(971): Illuminate\\Container\\Container->make()
#6 /home/runner/work/afarrhb_inventory/afarrhb_inventory/vendor/laravel/framework/src/Illuminate/Container/Container.php(1454): Illuminate\\Foundation\\Application->make()
#7 /home/runner/work/afarrhb_inventory/afarrhb_inventory/vendor/laravel/framework/src/Illuminate/Support/Facades/Facade.php(237): Illuminate\\Container\\Container->offsetGet()
#8 /home/runner/work/afarrhb_inventory/afarrhb_inventory/vendor/laravel/framework/src/Illuminate/Support/Facades/Facade.php(208): Illuminate\\Support\\Facades\\Facade::resolveFacadeInstance()
#9 /home/runner/work/afarrhb_inventory/afarrhb_inventory/vendor/laravel/framework/src/Illuminate/Support/Facades/Facade.php(349): Illuminate\\Support\\Facades\\Facade::getFacadeRoot()
#10 /home/runner/work/afarrhb_inventory/afarrhb_inventory/vendor/livewire/livewire/src/Mechanisms/FrontendAssets/FrontendAssets.php(30): Illuminate\\Support\\Facades\\Facade::__callStatic()
#11 /home/runner/work/afarrhb_inventory/afarrhb_inventory/vendor/livewire/livewire/src/LivewireServiceProvider.php(77): Livewire\\Mechanisms\\FrontendAssets\\FrontendAssets->boot()
#12 /home/runner/work/afarrhb_inventory/afarrhb_inventory/vendor/livewire/livewire/src/LivewireServiceProvider.php(19): Livewire\\LivewireServiceProvider->bootMechanisms()
#13 /home/runner/work/afarrhb_inventory/afarrhb_inventory/vendor/laravel/framework/src/Illuminate/Container/BoundMethod.php(36): Livewire\\LivewireServiceProvider->boot()
#14 /home/runner/work/afarrhb_inventory/afarrhb_inventory/vendor/laravel/framework/src/Illuminate/Container/Util.php(41): Illuminate\\Container\\BoundMethod::Illuminate\\Container\\{closure}()
#15 /home/runner/work/afarrhb_inventory/afarrhb_inventory/vendor/laravel/framework/src/Illuminate/Container/BoundMethod.php(93): Illuminate\\Container\\Util::unwrapIfClosure()
#16 /home/runner/work/afarrhb_inventory/afarrhb_inventory/vendor/laravel/framework/src/Illuminate/Container/BoundMethod.php(35): Illuminate\\Container\\BoundMethod::callBoundMethod()
#17 /home/runner/work/afarrhb_inventory/afarrhb_inventory/vendor/laravel/framework/src/Illuminate/Container/Container.php(662): Illuminate\\Container\\BoundMethod::call()
#18 /home/runner/work/afarrhb_inventory/afarrhb_inventory/vendor/laravel/framework/src/Illuminate/Foundation/Application.php(1059): Illuminate\\Container\\Container->call()
#19 /home/runner/work/afarrhb_inventory/afarrhb_inventory/vendor/laravel/framework/src/Illuminate/Foundation/Application.php(1040): Illuminate\\Foundation\\Application->bootProvider()
#20 [internal function]: Illuminate\\Foundation\\Application->Illuminate\\Foundation\\{closure}()
#21 /home/runner/work/afarrhb_inventory/afarrhb_inventory/vendor/laravel/framework/src/Illuminate/Foundation/Application.php(1039): array_walk()
#22 /home/runner/work/afarrhb_inventory/afarrhb_inventory/vendor/laravel/framework/src/Illuminate/Foundation/Bootstrap/BootProviders.php(17): Illuminate\\Foundation\\Application->boot()
#23 /home/runner/work/afarrhb_inventory/afarrhb_inventory/vendor/laravel/framework/src/Illuminate/Foundation/Application.php(286): Illuminate\\Foundation\\Bootstrap\\BootProviders->bootstrap()
#24 /home/runner/work/afarrhb_inventory/afarrhb_inventory/vendor/laravel/framework/src/Illuminate/Foundation/Console/Kernel.php(447): Illuminate\\Foundation\\Application->bootstrapWith()
#25 /home/runner/work/afarrhb_inventory/afarrhb_inventory/vendor/laravel/framework/src/Illuminate/Foundation/Console/Kernel.php(199): Illuminate\\Foundation\\Console\\Kernel->bootstrap()
#26 /home/runner/work/afarrhb_inventory/afarrhb_inventory/artisan(24): Illuminate\\Foundation\\Console\\Kernel->handle()
#27 {main}
"} 
[2025-10-06 00:43:37] laravel.EMERGENCY: Unable to create configured logger. Using emergency logger. {"exception":"[object] (InvalidArgumentException(code: 0): Log [] is not defined. at /home/runner/work/afarrhb_inventory/afarrhb_inventory/vendor/laravel/framework/src/Illuminate/Log/LogManager.php:212)
[stacktrace]
#0 /home/runner/work/afarrhb_inventory/afarrhb_inventory/vendor/laravel/framework/src/Illuminate/Log/LogManager.php(137): Illuminate\\Log\\LogManager->resolve()
#1 /home/runner/work/afarrhb_inventory/afarrhb_inventory/vendor/laravel/framework/src/Illuminate/Log/LogManager.php(124): Illuminate\\Log\\LogManager->get()
#2 /home/runner/work/afarrhb_inventory/afarrhb_inventory/vendor/laravel/framework/src/Illuminate/Log/LogManager.php(681): Illuminate\\Log\\LogManager->driver()
#3 /home/runner/work/afarrhb_inventory/afarrhb_inventory/vendor/laravel/framework/src/Illuminate/Foundation/Exceptions/Handler.php(317): Illuminate\\Log\\LogManager->error()
#4 /home/runner/work/afarrhb_inventory/afarrhb_inventory/vendor/laravel/framework/src/Illuminate/Foundation/Exceptions/Handler.php(278): Illuminate\\Foundation\\Exceptions\\Handler->reportThrowable()
#5 /home/runner/work/afarrhb_inventory/afarrhb_inventory/vendor/nunomaduro/collision/src/Adapters/Laravel/ExceptionHandler.php(46): Illuminate\\Foundation\\Exceptions\\Handler->report()
#6 /home/runner/work/afarrhb_inventory/afarrhb_inventory/vendor/laravel/framework/src/Illuminate/Foundation/Console/Kernel.php(523): NunoMaduro\\Collision\\Adapters\\Laravel\\ExceptionHandler->report()
#7 /home/runner/work/afarrhb_inventory/afarrhb_inventory/vendor/laravel/framework/src/Illuminate/Foundation/Console/Kernel.php(203): Illuminate\\Foundation\\Console\\Kernel->reportException()
#8 /home/runner/work/afarrhb_inventory/afarrhb_inventory/artisan(24): Illuminate\\Foundation\\Console\\Kernel->handle()
#9 {main}
"} 
[2025-10-06 00:43:37] laravel.ERROR: Method Illuminate\Foundation\Console\ClosureCommand::hourly does not exist. {"exception":"[object] (BadMethodCallException(code: 0): Method Illuminate\\Foundation\\Console\\ClosureCommand::hourly does not exist. at /home/runner/work/afarrhb_inventory/afarrhb_inventory/vendor/laravel/framework/src/Illuminate/Macroable/Traits/Macroable.php:112)
[stacktrace]
#0 /home/runner/work/afarrhb_inventory/afarrhb_inventory/routes/console.php(8): Illuminate\\Console\\Command->__call()
#1 /home/runner/work/afarrhb_inventory/afarrhb_inventory/app/Console/Kernel.php(25): require('...')
#2 /home/runner/work/afarrhb_inventory/afarrhb_inventory/vendor/laravel/framework/src/Illuminate/Foundation/Console/Kernel.php(453): App\\Console\\Kernel->commands()
#3 /home/runner/work/afarrhb_inventory/afarrhb_inventory/vendor/laravel/framework/src/Illuminate/Foundation/Console/Kernel.php(199): Illuminate\\Foundation\\Console\\Kernel->bootstrap()
#4 /home/runner/work/afarrhb_inventory/afarrhb_inventory/artisan(24): Illuminate\\Foundation\\Console\\Kernel->handle()
#5 {main}
"} 
